<?xml version="1.0" encoding="UTF-8"?>
<!-- Generated by org.testng.reporters.JUnitXMLReporter -->
<testsuite hostname="Brians-MacBook-Pro-2.local" ignored="0" tests="2" failures="2" timestamp="04 Apr 2018 23:40:59 GMT" time="93.532" errors="0">
  <testcase name="googleCheeseExample" time="47.354" classname="BasicTest">
    <failure type="org.openqa.selenium.WebDriverException" message="Failed to connect to binary FirefoxBinary(/Applications/Firefox.app/Contents/MacOS/firefox-bin) on port 7055; process output follows: 
xtensions.json
1522885169994	addons.xpi	DEBUG	Ignoring file entry whose name is not a valid add-on ID: /var/folders/zd/n0k_cf017yd01z995kx4_7lc0000gn/T/anonymous8187962694522543327webdriver-profile/extensions/webdriver-staging
1522885169994	addons.xpi	INFO	Mapping fxdriver@googlecode.com to /var/folders/zd/n0k_cf017yd01z995kx4_7lc0000gn/T/anonymous8187962694522543327webdriver-profile/extensions/fxdriver@googlecode.com
1522885169994	addons.xpi	DEBUG	Existing add-on fxdriver@googlecode.com in app-profile
1522885169994	addons.xpi	INFO	Mapping activity-stream@mozilla.org to /Applications/Firefox.app/Contents/Resources/browser/features/activity-stream@mozilla.org.xpi
1522885169994	addons.xpi	INFO	Mapping aushelper@mozilla.org to /Applications/Firefox.app/Contents/Resources/browser/features/aushelper@mozilla.org.xpi
1522885169994	addons.xpi	INFO	Mapping firefox@getpocket.com to /Applications/Firefox.app/Contents/Resources/browser/features/firefox@getpocket.com.xpi
1522885169994	addons.xpi	INFO	Mapping followonsearch@mozilla.com to /Applications/Firefox.app/Contents/Resources/browser/features/followonsearch@mozilla.com.xpi
1522885169994	addons.xpi	INFO	Mapping formautofill@mozilla.org to /Applications/Firefox.app/Contents/Resources/browser/features/formautofill@mozilla.org.xpi
1522885169994	addons.xpi	INFO	Mapping onboarding@mozilla.org to /Applications/Firefox.app/Contents/Resources/browser/features/onboarding@mozilla.org.xpi
1522885169994	addons.xpi	INFO	Mapping screenshots@mozilla.org to /Applications/Firefox.app/Contents/Resources/browser/features/screenshots@mozilla.org.xpi
1522885169994	addons.xpi	INFO	Mapping shield-recipe-client@mozilla.org to /Applications/Firefox.app/Contents/Resources/browser/features/shield-recipe-client@mozilla.org.xpi
1522885169994	addons.xpi	INFO	Mapping webcompat@mozilla.org to /Applications/Firefox.app/Contents/Resources/browser/features/webcompat@mozilla.org.xpi
1522885169994	addons.xpi	DEBUG	Existing add-on activity-stream@mozilla.org in app-system-defaults
1522885169994	addons.xpi	DEBUG	Existing add-on aushelper@mozilla.org in app-system-defaults
1522885169996	addons.xpi	DEBUG	Existing add-on firefox@getpocket.com in app-system-defaults
1522885169996	addons.xpi	DEBUG	Existing add-on followonsearch@mozilla.com in app-system-defaults
1522885169996	addons.xpi	DEBUG	Existing add-on formautofill@mozilla.org in app-system-defaults
1522885169996	addons.xpi	DEBUG	Existing add-on onboarding@mozilla.org in app-system-defaults
1522885169996	addons.xpi	DEBUG	Existing add-on screenshots@mozilla.org in app-system-defaults
1522885169996	addons.xpi	DEBUG	Existing add-on shield-recipe-client@mozilla.org in app-system-defaults
1522885169996	addons.xpi	DEBUG	Existing add-on webcompat@mozilla.org in app-system-defaults
1522885169996	addons.xpi	INFO	Mapping {972ce4c6-7e08-4474-a285-3208198ce6fd} to /Applications/Firefox.app/Contents/Resources/browser/extensions/{972ce4c6-7e08-4474-a285-3208198ce6fd}.xpi
1522885169996	addons.xpi	DEBUG	Existing add-on {972ce4c6-7e08-4474-a285-3208198ce6fd} in app-global
1522885169996	addons.xpi	DEBUG	getInstallState changed: false, state: {}
2018-04-04 19:39:30.044 plugin-container[28682:1074107] *** CFMessagePort: bootstrap_register(): failed 1100 (0x44c) &amp;apos;Permission denied&amp;apos;, port = 0x7317, name = &amp;apos;com.apple.coredrag&amp;apos;
See /usr/include/servers/bootstrap_defs.h for the error codes.
1522885170046	addons.xpi-utils	DEBUG	Async JSON file read took 0 MS
1522885170046	addons.xpi-utils	DEBUG	Finished async read of XPI database, parsing...
1522885170048	addons.xpi-utils	DEBUG	Successfully read XPI database
2018-04-04 19:39:30.712 plugin-container[28683:1074271] *** CFMessagePort: bootstrap_register(): failed 1100 (0x44c) &amp;apos;Permission denied&amp;apos;, port = 0x743b, name = &amp;apos;com.apple.tsm.portname&amp;apos;
See /usr/include/servers/bootstrap_defs.h for the error codes.
2018-04-04 19:39:30.838 plugin-container[28683:1074271] *** CFMessagePort: bootstrap_register(): failed 1100 (0x44c) &amp;apos;Permission denied&amp;apos;, port = 0x7497, name = &amp;apos;com.apple.coredrag&amp;apos;
See /usr/include/servers/bootstrap_defs.h for the error codes.

Build info: version: &amp;apos;2.45.0&amp;apos;, revision: &amp;apos;5017cb8e7ca8e37638dc3091b2440b90a1d8686f&amp;apos;, time: &amp;apos;2015-02-27 09:10:26&amp;apos;
System info: host: &amp;apos;Brians-MacBook-Pro-2.local&amp;apos;, ip: &amp;apos;10.0.0.57&amp;apos;, os.name: &amp;apos;Mac OS X&amp;apos;, os.arch: &amp;apos;x86_64&amp;apos;, os.version: &amp;apos;10.13.3&amp;apos;, java.version: &amp;apos;1.8.0_151&amp;apos;
Driver info: driver.version: FirefoxDriver">
      <![CDATA[org.openqa.selenium.WebDriverException: Failed to connect to binary FirefoxBinary(/Applications/Firefox.app/Contents/MacOS/firefox-bin) on port 7055; process output follows: 
xtensions.json
1522885169994addons.xpiDEBUGIgnoring file entry whose name is not a valid add-on ID: /var/folders/zd/n0k_cf017yd01z995kx4_7lc0000gn/T/anonymous8187962694522543327webdriver-profile/extensions/webdriver-staging
1522885169994addons.xpiINFOMapping fxdriver@googlecode.com to /var/folders/zd/n0k_cf017yd01z995kx4_7lc0000gn/T/anonymous8187962694522543327webdriver-profile/extensions/fxdriver@googlecode.com
1522885169994addons.xpiDEBUGExisting add-on fxdriver@googlecode.com in app-profile
1522885169994addons.xpiINFOMapping activity-stream@mozilla.org to /Applications/Firefox.app/Contents/Resources/browser/features/activity-stream@mozilla.org.xpi
1522885169994addons.xpiINFOMapping aushelper@mozilla.org to /Applications/Firefox.app/Contents/Resources/browser/features/aushelper@mozilla.org.xpi
1522885169994addons.xpiINFOMapping firefox@getpocket.com to /Applications/Firefox.app/Contents/Resources/browser/features/firefox@getpocket.com.xpi
1522885169994addons.xpiINFOMapping followonsearch@mozilla.com to /Applications/Firefox.app/Contents/Resources/browser/features/followonsearch@mozilla.com.xpi
1522885169994addons.xpiINFOMapping formautofill@mozilla.org to /Applications/Firefox.app/Contents/Resources/browser/features/formautofill@mozilla.org.xpi
1522885169994addons.xpiINFOMapping onboarding@mozilla.org to /Applications/Firefox.app/Contents/Resources/browser/features/onboarding@mozilla.org.xpi
1522885169994addons.xpiINFOMapping screenshots@mozilla.org to /Applications/Firefox.app/Contents/Resources/browser/features/screenshots@mozilla.org.xpi
1522885169994addons.xpiINFOMapping shield-recipe-client@mozilla.org to /Applications/Firefox.app/Contents/Resources/browser/features/shield-recipe-client@mozilla.org.xpi
1522885169994addons.xpiINFOMapping webcompat@mozilla.org to /Applications/Firefox.app/Contents/Resources/browser/features/webcompat@mozilla.org.xpi
1522885169994addons.xpiDEBUGExisting add-on activity-stream@mozilla.org in app-system-defaults
1522885169994addons.xpiDEBUGExisting add-on aushelper@mozilla.org in app-system-defaults
1522885169996addons.xpiDEBUGExisting add-on firefox@getpocket.com in app-system-defaults
1522885169996addons.xpiDEBUGExisting add-on followonsearch@mozilla.com in app-system-defaults
1522885169996addons.xpiDEBUGExisting add-on formautofill@mozilla.org in app-system-defaults
1522885169996addons.xpiDEBUGExisting add-on onboarding@mozilla.org in app-system-defaults
1522885169996addons.xpiDEBUGExisting add-on screenshots@mozilla.org in app-system-defaults
1522885169996addons.xpiDEBUGExisting add-on shield-recipe-client@mozilla.org in app-system-defaults
1522885169996addons.xpiDEBUGExisting add-on webcompat@mozilla.org in app-system-defaults
1522885169996addons.xpiINFOMapping {972ce4c6-7e08-4474-a285-3208198ce6fd} to /Applications/Firefox.app/Contents/Resources/browser/extensions/{972ce4c6-7e08-4474-a285-3208198ce6fd}.xpi
1522885169996addons.xpiDEBUGExisting add-on {972ce4c6-7e08-4474-a285-3208198ce6fd} in app-global
1522885169996addons.xpiDEBUGgetInstallState changed: false, state: {}
2018-04-04 19:39:30.044 plugin-container[28682:1074107] *** CFMessagePort: bootstrap_register(): failed 1100 (0x44c) 'Permission denied', port = 0x7317, name = 'com.apple.coredrag'
See /usr/include/servers/bootstrap_defs.h for the error codes.
1522885170046addons.xpi-utilsDEBUGAsync JSON file read took 0 MS
1522885170046addons.xpi-utilsDEBUGFinished async read of XPI database, parsing...
1522885170048addons.xpi-utilsDEBUGSuccessfully read XPI database
2018-04-04 19:39:30.712 plugin-container[28683:1074271] *** CFMessagePort: bootstrap_register(): failed 1100 (0x44c) 'Permission denied', port = 0x743b, name = 'com.apple.tsm.portname'
See /usr/include/servers/bootstrap_defs.h for the error codes.
2018-04-04 19:39:30.838 plugin-container[28683:1074271] *** CFMessagePort: bootstrap_register(): failed 1100 (0x44c) 'Permission denied', port = 0x7497, name = 'com.apple.coredrag'
See /usr/include/servers/bootstrap_defs.h for the error codes.

Build info: version: '2.45.0', revision: '5017cb8e7ca8e37638dc3091b2440b90a1d8686f', time: '2015-02-27 09:10:26'
System info: host: 'Brians-MacBook-Pro-2.local', ip: '10.0.0.57', os.name: 'Mac OS X', os.arch: 'x86_64', os.version: '10.13.3', java.version: '1.8.0_151'
Driver info: driver.version: FirefoxDriver
at org.openqa.selenium.firefox.internal.NewProfileExtensionConnection.start(NewProfileExtensionConnection.java:130)
at org.openqa.selenium.firefox.FirefoxDriver.startClient(FirefoxDriver.java:246)
at org.openqa.selenium.remote.RemoteWebDriver.<init>(RemoteWebDriver.java:114)
at org.openqa.selenium.firefox.FirefoxDriver.<init>(FirefoxDriver.java:191)
at org.openqa.selenium.firefox.FirefoxDriver.<init>(FirefoxDriver.java:186)
at org.openqa.selenium.firefox.FirefoxDriver.<init>(FirefoxDriver.java:182)
at org.openqa.selenium.firefox.FirefoxDriver.<init>(FirefoxDriver.java:95)
at BasicTest.googleExampleThatSearchesFor(BasicTest.java:14)
at BasicTest.googleCheeseExample(BasicTest.java:43)
Caused by: org.openqa.selenium.firefox.NotConnectedException: Unable to connect to host 127.0.0.1 on port 7055 after 45000 ms. Firefox console output:
xtensions.json
1522885169994addons.xpiDEBUGIgnoring file entry whose name is not a valid add-on ID: /var/folders/zd/n0k_cf017yd01z995kx4_7lc0000gn/T/anonymous8187962694522543327webdriver-profile/extensions/webdriver-staging
1522885169994addons.xpiINFOMapping fxdriver@googlecode.com to /var/folders/zd/n0k_cf017yd01z995kx4_7lc0000gn/T/anonymous8187962694522543327webdriver-profile/extensions/fxdriver@googlecode.com
1522885169994addons.xpiDEBUGExisting add-on fxdriver@googlecode.com in app-profile
1522885169994addons.xpiINFOMapping activity-stream@mozilla.org to /Applications/Firefox.app/Contents/Resources/browser/features/activity-stream@mozilla.org.xpi
1522885169994addons.xpiINFOMapping aushelper@mozilla.org to /Applications/Firefox.app/Contents/Resources/browser/features/aushelper@mozilla.org.xpi
1522885169994addons.xpiINFOMapping firefox@getpocket.com to /Applications/Firefox.app/Contents/Resources/browser/features/firefox@getpocket.com.xpi
1522885169994addons.xpiINFOMapping followonsearch@mozilla.com to /Applications/Firefox.app/Contents/Resources/browser/features/followonsearch@mozilla.com.xpi
1522885169994addons.xpiINFOMapping formautofill@mozilla.org to /Applications/Firefox.app/Contents/Resources/browser/features/formautofill@mozilla.org.xpi
1522885169994addons.xpiINFOMapping onboarding@mozilla.org to /Applications/Firefox.app/Contents/Resources/browser/features/onboarding@mozilla.org.xpi
1522885169994addons.xpiINFOMapping screenshots@mozilla.org to /Applications/Firefox.app/Contents/Resources/browser/features/screenshots@mozilla.org.xpi
1522885169994addons.xpiINFOMapping shield-recipe-client@mozilla.org to /Applications/Firefox.app/Contents/Resources/browser/features/shield-recipe-client@mozilla.org.xpi
1522885169994addons.xpiINFOMapping webcompat@mozilla.org to /Applications/Firefox.app/Contents/Resources/browser/features/webcompat@mozilla.org.xpi
1522885169994addons.xpiDEBUGExisting add-on activity-stream@mozilla.org in app-system-defaults
1522885169994addons.xpiDEBUGExisting add-on aushelper@mozilla.org in app-system-defaults
1522885169996addons.xpiDEBUGExisting add-on firefox@getpocket.com in app-system-defaults
1522885169996addons.xpiDEBUGExisting add-on followonsearch@mozilla.com in app-system-defaults
1522885169996addons.xpiDEBUGExisting add-on formautofill@mozilla.org in app-system-defaults
1522885169996addons.xpiDEBUGExisting add-on onboarding@mozilla.org in app-system-defaults
1522885169996addons.xpiDEBUGExisting add-on screenshots@mozilla.org in app-system-defaults
1522885169996addons.xpiDEBUGExisting add-on shield-recipe-client@mozilla.org in app-system-defaults
1522885169996addons.xpiDEBUGExisting add-on webcompat@mozilla.org in app-system-defaults
1522885169996addons.xpiINFOMapping {972ce4c6-7e08-4474-a285-3208198ce6fd} to /Applications/Firefox.app/Contents/Resources/browser/extensions/{972ce4c6-7e08-4474-a285-3208198ce6fd}.xpi
1522885169996addons.xpiDEBUGExisting add-on {972ce4c6-7e08-4474-a285-3208198ce6fd} in app-global
1522885169996addons.xpiDEBUGgetInstallState changed: false, state: {}
2018-04-04 19:39:30.044 plugin-container[28682:1074107] *** CFMessagePort: bootstrap_register(): failed 1100 (0x44c) 'Permission denied', port = 0x7317, name = 'com.apple.coredrag'
See /usr/include/servers/bootstrap_defs.h for the error codes.
1522885170046addons.xpi-utilsDEBUGAsync JSON file read took 0 MS
1522885170046addons.xpi-utilsDEBUGFinished async read of XPI database, parsing...
1522885170048addons.xpi-utilsDEBUGSuccessfully read XPI database
2018-04-04 19:39:30.712 plugin-container[28683:1074271] *** CFMessagePort: bootstrap_register(): failed 1100 (0x44c) 'Permission denied', port = 0x743b, name = 'com.apple.tsm.portname'
See /usr/include/servers/bootstrap_defs.h for the error codes.
2018-04-04 19:39:30.838 plugin-container[28683:1074271] *** CFMessagePort: bootstrap_register(): failed 1100 (0x44c) 'Permission denied', port = 0x7497, name = 'com.apple.coredrag'
See /usr/include/servers/bootstrap_defs.h for the error codes.

at org.openqa.selenium.firefox.internal.NewProfileExtensionConnection.start(NewProfileExtensionConnection.java:118)
... 42 more
... Removed 34 stack frames]]>
    </failure>
  </testcase> <!-- googleCheeseExample -->
  <testcase name="googleMilkExample" time="46.143" classname="BasicTest">
    <failure type="org.openqa.selenium.WebDriverException" message="Failed to connect to binary FirefoxBinary(/Applications/Firefox.app/Contents/MacOS/firefox-bin) on port 7055; process output follows: 
tures/aushelper@mozilla.org.xpi
1522885215890	addons.xpi	INFO	Mapping firefox@getpocket.com to /Applications/Firefox.app/Contents/Resources/browser/features/firefox@getpocket.com.xpi
1522885215890	addons.xpi	INFO	Mapping followonsearch@mozilla.com to /Applications/Firefox.app/Contents/Resources/browser/features/followonsearch@mozilla.com.xpi
1522885215890	addons.xpi	INFO	Mapping formautofill@mozilla.org to /Applications/Firefox.app/Contents/Resources/browser/features/formautofill@mozilla.org.xpi
1522885215890	addons.xpi	INFO	Mapping onboarding@mozilla.org to /Applications/Firefox.app/Contents/Resources/browser/features/onboarding@mozilla.org.xpi
1522885215890	addons.xpi	INFO	Mapping screenshots@mozilla.org to /Applications/Firefox.app/Contents/Resources/browser/features/screenshots@mozilla.org.xpi
1522885215890	addons.xpi	INFO	Mapping shield-recipe-client@mozilla.org to /Applications/Firefox.app/Contents/Resources/browser/features/shield-recipe-client@mozilla.org.xpi
1522885215890	addons.xpi	INFO	Mapping webcompat@mozilla.org to /Applications/Firefox.app/Contents/Resources/browser/features/webcompat@mozilla.org.xpi
1522885215890	addons.xpi	DEBUG	Existing add-on activity-stream@mozilla.org in app-system-defaults
1522885215892	addons.xpi	DEBUG	Existing add-on aushelper@mozilla.org in app-system-defaults
1522885215892	addons.xpi	DEBUG	Existing add-on firefox@getpocket.com in app-system-defaults
1522885215892	addons.xpi	DEBUG	Existing add-on followonsearch@mozilla.com in app-system-defaults
1522885215892	addons.xpi	DEBUG	Existing add-on formautofill@mozilla.org in app-system-defaults
1522885215892	addons.xpi	DEBUG	Existing add-on onboarding@mozilla.org in app-system-defaults
1522885215892	addons.xpi	DEBUG	Existing add-on screenshots@mozilla.org in app-system-defaults
1522885215892	addons.xpi	DEBUG	Existing add-on shield-recipe-client@mozilla.org in app-system-defaults
1522885215892	addons.xpi	DEBUG	Existing add-on webcompat@mozilla.org in app-system-defaults
1522885215892	addons.xpi	INFO	Mapping {972ce4c6-7e08-4474-a285-3208198ce6fd} to /Applications/Firefox.app/Contents/Resources/browser/extensions/{972ce4c6-7e08-4474-a285-3208198ce6fd}.xpi
1522885215892	addons.xpi	DEBUG	Existing add-on {972ce4c6-7e08-4474-a285-3208198ce6fd} in app-global
1522885215892	addons.xpi	DEBUG	getInstallState changed: false, state: {}
2018-04-04 19:40:15.917 plugin-container[28687:1075074] *** CFMessagePort: bootstrap_register(): failed 1100 (0x44c) &amp;apos;Permission denied&amp;apos;, port = 0x751b, name = &amp;apos;com.apple.coredrag&amp;apos;
See /usr/include/servers/bootstrap_defs.h for the error codes.
1522885215938	addons.xpi-utils	DEBUG	Async JSON file read took 0 MS
1522885215938	addons.xpi-utils	DEBUG	Finished async read of XPI database, parsing...
1522885215942	addons.xpi-utils	DEBUG	Successfully read XPI database
2018-04-04 19:40:16.674 plugin-container[28688:1075212] *** CFMessagePort: bootstrap_register(): failed 1100 (0x44c) &amp;apos;Permission denied&amp;apos;, port = 0x7b3b, name = &amp;apos;com.apple.tsm.portname&amp;apos;
See /usr/include/servers/bootstrap_defs.h for the error codes.
2018-04-04 19:40:16.799 plugin-container[28688:1075212] *** CFMessagePort: bootstrap_register(): failed 1100 (0x44c) &amp;apos;Permission denied&amp;apos;, port = 0x7b57, name = &amp;apos;com.apple.coredrag&amp;apos;
See /usr/include/servers/bootstrap_defs.h for the error codes.
2018-04-04 19:40:55.644 firefox-bin[28686:1074941] IMKInputSession [0x1216fa700 presentFunctionRowItemTextInputViewWithEndpoint:completionHandler:] : [self textInputContext]=0x11b8cfca0 *NO* NSRemoteViewController to client, NSError=Error Domain=NSCocoaErrorDomain Code=4097 &amp;quot;connection from pid 0&amp;quot; UserInfo={NSDebugDescription=connection from pid 0}, com.apple.inputmethod.EmojiFunctionRowItem
2018-04-04 19:40:55.651 firefox-bin[28686:1074941] IMKInputSession [0x1216fa700 presentFunctionRowItemTextInputViewWithEndpoint:completionHandler:] : [self textInputContext]=0x11b8cfca0 *NO* NSRemoteViewController to client, NSError=Error Domain=NSCocoaErrorDomain Code=4097 &amp;quot;connection from pid 0&amp;quot; UserInfo={NSDebugDescription=connection from pid 0}, com.apple.inputmethod.EmojiFunctionRowItem

Build info: version: &amp;apos;2.45.0&amp;apos;, revision: &amp;apos;5017cb8e7ca8e37638dc3091b2440b90a1d8686f&amp;apos;, time: &amp;apos;2015-02-27 09:10:26&amp;apos;
System info: host: &amp;apos;Brians-MacBook-Pro-2.local&amp;apos;, ip: &amp;apos;10.0.0.57&amp;apos;, os.name: &amp;apos;Mac OS X&amp;apos;, os.arch: &amp;apos;x86_64&amp;apos;, os.version: &amp;apos;10.13.3&amp;apos;, java.version: &amp;apos;1.8.0_151&amp;apos;
Driver info: driver.version: FirefoxDriver">
      <![CDATA[org.openqa.selenium.WebDriverException: Failed to connect to binary FirefoxBinary(/Applications/Firefox.app/Contents/MacOS/firefox-bin) on port 7055; process output follows: 
tures/aushelper@mozilla.org.xpi
1522885215890addons.xpiINFOMapping firefox@getpocket.com to /Applications/Firefox.app/Contents/Resources/browser/features/firefox@getpocket.com.xpi
1522885215890addons.xpiINFOMapping followonsearch@mozilla.com to /Applications/Firefox.app/Contents/Resources/browser/features/followonsearch@mozilla.com.xpi
1522885215890addons.xpiINFOMapping formautofill@mozilla.org to /Applications/Firefox.app/Contents/Resources/browser/features/formautofill@mozilla.org.xpi
1522885215890addons.xpiINFOMapping onboarding@mozilla.org to /Applications/Firefox.app/Contents/Resources/browser/features/onboarding@mozilla.org.xpi
1522885215890addons.xpiINFOMapping screenshots@mozilla.org to /Applications/Firefox.app/Contents/Resources/browser/features/screenshots@mozilla.org.xpi
1522885215890addons.xpiINFOMapping shield-recipe-client@mozilla.org to /Applications/Firefox.app/Contents/Resources/browser/features/shield-recipe-client@mozilla.org.xpi
1522885215890addons.xpiINFOMapping webcompat@mozilla.org to /Applications/Firefox.app/Contents/Resources/browser/features/webcompat@mozilla.org.xpi
1522885215890addons.xpiDEBUGExisting add-on activity-stream@mozilla.org in app-system-defaults
1522885215892addons.xpiDEBUGExisting add-on aushelper@mozilla.org in app-system-defaults
1522885215892addons.xpiDEBUGExisting add-on firefox@getpocket.com in app-system-defaults
1522885215892addons.xpiDEBUGExisting add-on followonsearch@mozilla.com in app-system-defaults
1522885215892addons.xpiDEBUGExisting add-on formautofill@mozilla.org in app-system-defaults
1522885215892addons.xpiDEBUGExisting add-on onboarding@mozilla.org in app-system-defaults
1522885215892addons.xpiDEBUGExisting add-on screenshots@mozilla.org in app-system-defaults
1522885215892addons.xpiDEBUGExisting add-on shield-recipe-client@mozilla.org in app-system-defaults
1522885215892addons.xpiDEBUGExisting add-on webcompat@mozilla.org in app-system-defaults
1522885215892addons.xpiINFOMapping {972ce4c6-7e08-4474-a285-3208198ce6fd} to /Applications/Firefox.app/Contents/Resources/browser/extensions/{972ce4c6-7e08-4474-a285-3208198ce6fd}.xpi
1522885215892addons.xpiDEBUGExisting add-on {972ce4c6-7e08-4474-a285-3208198ce6fd} in app-global
1522885215892addons.xpiDEBUGgetInstallState changed: false, state: {}
2018-04-04 19:40:15.917 plugin-container[28687:1075074] *** CFMessagePort: bootstrap_register(): failed 1100 (0x44c) 'Permission denied', port = 0x751b, name = 'com.apple.coredrag'
See /usr/include/servers/bootstrap_defs.h for the error codes.
1522885215938addons.xpi-utilsDEBUGAsync JSON file read took 0 MS
1522885215938addons.xpi-utilsDEBUGFinished async read of XPI database, parsing...
1522885215942addons.xpi-utilsDEBUGSuccessfully read XPI database
2018-04-04 19:40:16.674 plugin-container[28688:1075212] *** CFMessagePort: bootstrap_register(): failed 1100 (0x44c) 'Permission denied', port = 0x7b3b, name = 'com.apple.tsm.portname'
See /usr/include/servers/bootstrap_defs.h for the error codes.
2018-04-04 19:40:16.799 plugin-container[28688:1075212] *** CFMessagePort: bootstrap_register(): failed 1100 (0x44c) 'Permission denied', port = 0x7b57, name = 'com.apple.coredrag'
See /usr/include/servers/bootstrap_defs.h for the error codes.
2018-04-04 19:40:55.644 firefox-bin[28686:1074941] IMKInputSession [0x1216fa700 presentFunctionRowItemTextInputViewWithEndpoint:completionHandler:] : [self textInputContext]=0x11b8cfca0 *NO* NSRemoteViewController to client, NSError=Error Domain=NSCocoaErrorDomain Code=4097 "connection from pid 0" UserInfo={NSDebugDescription=connection from pid 0}, com.apple.inputmethod.EmojiFunctionRowItem
2018-04-04 19:40:55.651 firefox-bin[28686:1074941] IMKInputSession [0x1216fa700 presentFunctionRowItemTextInputViewWithEndpoint:completionHandler:] : [self textInputContext]=0x11b8cfca0 *NO* NSRemoteViewController to client, NSError=Error Domain=NSCocoaErrorDomain Code=4097 "connection from pid 0" UserInfo={NSDebugDescription=connection from pid 0}, com.apple.inputmethod.EmojiFunctionRowItem

Build info: version: '2.45.0', revision: '5017cb8e7ca8e37638dc3091b2440b90a1d8686f', time: '2015-02-27 09:10:26'
System info: host: 'Brians-MacBook-Pro-2.local', ip: '10.0.0.57', os.name: 'Mac OS X', os.arch: 'x86_64', os.version: '10.13.3', java.version: '1.8.0_151'
Driver info: driver.version: FirefoxDriver
at org.openqa.selenium.firefox.internal.NewProfileExtensionConnection.start(NewProfileExtensionConnection.java:130)
at org.openqa.selenium.firefox.FirefoxDriver.startClient(FirefoxDriver.java:246)
at org.openqa.selenium.remote.RemoteWebDriver.<init>(RemoteWebDriver.java:114)
at org.openqa.selenium.firefox.FirefoxDriver.<init>(FirefoxDriver.java:191)
at org.openqa.selenium.firefox.FirefoxDriver.<init>(FirefoxDriver.java:186)
at org.openqa.selenium.firefox.FirefoxDriver.<init>(FirefoxDriver.java:182)
at org.openqa.selenium.firefox.FirefoxDriver.<init>(FirefoxDriver.java:95)
at BasicTest.googleExampleThatSearchesFor(BasicTest.java:14)
at BasicTest.googleMilkExample(BasicTest.java:48)
Caused by: org.openqa.selenium.firefox.NotConnectedException: Unable to connect to host 127.0.0.1 on port 7055 after 45000 ms. Firefox console output:
tures/aushelper@mozilla.org.xpi
1522885215890addons.xpiINFOMapping firefox@getpocket.com to /Applications/Firefox.app/Contents/Resources/browser/features/firefox@getpocket.com.xpi
1522885215890addons.xpiINFOMapping followonsearch@mozilla.com to /Applications/Firefox.app/Contents/Resources/browser/features/followonsearch@mozilla.com.xpi
1522885215890addons.xpiINFOMapping formautofill@mozilla.org to /Applications/Firefox.app/Contents/Resources/browser/features/formautofill@mozilla.org.xpi
1522885215890addons.xpiINFOMapping onboarding@mozilla.org to /Applications/Firefox.app/Contents/Resources/browser/features/onboarding@mozilla.org.xpi
1522885215890addons.xpiINFOMapping screenshots@mozilla.org to /Applications/Firefox.app/Contents/Resources/browser/features/screenshots@mozilla.org.xpi
1522885215890addons.xpiINFOMapping shield-recipe-client@mozilla.org to /Applications/Firefox.app/Contents/Resources/browser/features/shield-recipe-client@mozilla.org.xpi
1522885215890addons.xpiINFOMapping webcompat@mozilla.org to /Applications/Firefox.app/Contents/Resources/browser/features/webcompat@mozilla.org.xpi
1522885215890addons.xpiDEBUGExisting add-on activity-stream@mozilla.org in app-system-defaults
1522885215892addons.xpiDEBUGExisting add-on aushelper@mozilla.org in app-system-defaults
1522885215892addons.xpiDEBUGExisting add-on firefox@getpocket.com in app-system-defaults
1522885215892addons.xpiDEBUGExisting add-on followonsearch@mozilla.com in app-system-defaults
1522885215892addons.xpiDEBUGExisting add-on formautofill@mozilla.org in app-system-defaults
1522885215892addons.xpiDEBUGExisting add-on onboarding@mozilla.org in app-system-defaults
1522885215892addons.xpiDEBUGExisting add-on screenshots@mozilla.org in app-system-defaults
1522885215892addons.xpiDEBUGExisting add-on shield-recipe-client@mozilla.org in app-system-defaults
1522885215892addons.xpiDEBUGExisting add-on webcompat@mozilla.org in app-system-defaults
1522885215892addons.xpiINFOMapping {972ce4c6-7e08-4474-a285-3208198ce6fd} to /Applications/Firefox.app/Contents/Resources/browser/extensions/{972ce4c6-7e08-4474-a285-3208198ce6fd}.xpi
1522885215892addons.xpiDEBUGExisting add-on {972ce4c6-7e08-4474-a285-3208198ce6fd} in app-global
1522885215892addons.xpiDEBUGgetInstallState changed: false, state: {}
2018-04-04 19:40:15.917 plugin-container[28687:1075074] *** CFMessagePort: bootstrap_register(): failed 1100 (0x44c) 'Permission denied', port = 0x751b, name = 'com.apple.coredrag'
See /usr/include/servers/bootstrap_defs.h for the error codes.
1522885215938addons.xpi-utilsDEBUGAsync JSON file read took 0 MS
1522885215938addons.xpi-utilsDEBUGFinished async read of XPI database, parsing...
1522885215942addons.xpi-utilsDEBUGSuccessfully read XPI database
2018-04-04 19:40:16.674 plugin-container[28688:1075212] *** CFMessagePort: bootstrap_register(): failed 1100 (0x44c) 'Permission denied', port = 0x7b3b, name = 'com.apple.tsm.portname'
See /usr/include/servers/bootstrap_defs.h for the error codes.
2018-04-04 19:40:16.799 plugin-container[28688:1075212] *** CFMessagePort: bootstrap_register(): failed 1100 (0x44c) 'Permission denied', port = 0x7b57, name = 'com.apple.coredrag'
See /usr/include/servers/bootstrap_defs.h for the error codes.
2018-04-04 19:40:55.644 firefox-bin[28686:1074941] IMKInputSession [0x1216fa700 presentFunctionRowItemTextInputViewWithEndpoint:completionHandler:] : [self textInputContext]=0x11b8cfca0 *NO* NSRemoteViewController to client, NSError=Error Domain=NSCocoaErrorDomain Code=4097 "connection from pid 0" UserInfo={NSDebugDescription=connection from pid 0}, com.apple.inputmethod.EmojiFunctionRowItem
2018-04-04 19:40:55.651 firefox-bin[28686:1074941] IMKInputSession [0x1216fa700 presentFunctionRowItemTextInputViewWithEndpoint:completionHandler:] : [self textInputContext]=0x11b8cfca0 *NO* NSRemoteViewController to client, NSError=Error Domain=NSCocoaErrorDomain Code=4097 "connection from pid 0" UserInfo={NSDebugDescription=connection from pid 0}, com.apple.inputmethod.EmojiFunctionRowItem

at org.openqa.selenium.firefox.internal.NewProfileExtensionConnection.start(NewProfileExtensionConnection.java:118)
... 42 more
... Removed 34 stack frames]]>
    </failure>
  </testcase> <!-- googleMilkExample -->
</testsuite>
