<?xml version="1.0" encoding="UTF-8"?>
<testng-results skipped="0" failed="0" ignored="0" total="2" passed="2">
  <reporter-output>
  </reporter-output>
  <suite name="BasicTest" duration-ms="34219" started-at="2018-04-05T18:22:07Z" finished-at="2018-04-05T18:22:41Z">
    <groups>
    </groups>
    <test name="Command line test" duration-ms="34219" started-at="2018-04-05T18:22:07Z" finished-at="2018-04-05T18:22:41Z">
      <class name="BasicTest">
        <test-method status="PASS" signature="googleCheeseExample()[pri:0, instance:BasicTest@246ae04d]" name="googleCheeseExample" duration-ms="17695" started-at="2018-04-05T18:22:07Z" finished-at="2018-04-05T18:22:25Z">
          <reporter-output>
          </reporter-output>
        </test-method> <!-- googleCheeseExample -->
        <test-method status="PASS" signature="googleMilkExample()[pri:0, instance:BasicTest@246ae04d]" name="googleMilkExample" duration-ms="16503" started-at="2018-04-05T18:22:25Z" finished-at="2018-04-05T18:22:41Z">
          <reporter-output>
          </reporter-output>
        </test-method> <!-- googleMilkExample -->
      </class> <!-- BasicTest -->
    </test> <!-- Command line test -->
  </suite> <!-- BasicTest -->
</testng-results>
